Performing C SOURCE FILE Test CMAKE_HAVE_LIBC_PTHREAD failed with the following output:
Change Dir: /catkin_ws_d435i/build/CMakeFiles/CMakeTmp

Run Build Command(s):/usr/bin/make cmTC_50eb1/fast && /usr/bin/make -f CMakeFiles/cmTC_50eb1.dir/build.make CMakeFiles/cmTC_50eb1.dir/build
make[1]: Entering directory '/catkin_ws_d435i/build/CMakeFiles/CMakeTmp'
Building C object CMakeFiles/cmTC_50eb1.dir/src.c.o
/usr/bin/cc   -DCMAKE_HAVE_LIBC_PTHREAD   -o CMakeFiles/cmTC_50eb1.dir/src.c.o   -c /catkin_ws_d435i/build/CMakeFiles/CMakeTmp/src.c
Linking C executable cmTC_50eb1
/usr/local/bin/cmake -E cmake_link_script CMakeFiles/cmTC_50eb1.dir/link.txt --verbose=1
/usr/bin/cc  -DCMAKE_HAVE_LIBC_PTHREAD    -rdynamic CMakeFiles/cmTC_50eb1.dir/src.c.o  -o cmTC_50eb1 
CMakeFiles/cmTC_50eb1.dir/src.c.o: In function `main':
src.c:(.text+0x3e): undefined reference to `pthread_create'
src.c:(.text+0x4a): undefined reference to `pthread_detach'
src.c:(.text+0x5b): undefined reference to `pthread_join'
src.c:(.text+0x6f): undefined reference to `pthread_atfork'
collect2: error: ld returned 1 exit status
CMakeFiles/cmTC_50eb1.dir/build.make:86: recipe for target 'cmTC_50eb1' failed
make[1]: *** [cmTC_50eb1] Error 1
make[1]: Leaving directory '/catkin_ws_d435i/build/CMakeFiles/CMakeTmp'
Makefile:121: recipe for target 'cmTC_50eb1/fast' failed
make: *** [cmTC_50eb1/fast] Error 2


Source file was:
#include <pthread.h>

void* test_func(void* data)
{
  return data;
}

int main(void)
{
  pthread_t thread;
  pthread_create(&thread, NULL, test_func, NULL);
  pthread_detach(thread);
  pthread_join(thread, NULL);
  pthread_atfork(NULL, NULL, NULL);
  pthread_exit(NULL);

  return 0;
}

Determining if the function pthread_create exists in the pthreads failed with the following output:
Change Dir: /catkin_ws_d435i/build/CMakeFiles/CMakeTmp

Run Build Command(s):/usr/bin/make cmTC_1ac64/fast && /usr/bin/make -f CMakeFiles/cmTC_1ac64.dir/build.make CMakeFiles/cmTC_1ac64.dir/build
make[1]: Entering directory '/catkin_ws_d435i/build/CMakeFiles/CMakeTmp'
Building C object CMakeFiles/cmTC_1ac64.dir/CheckFunctionExists.c.o
/usr/bin/cc   -DCHECK_FUNCTION_EXISTS=pthread_create   -o CMakeFiles/cmTC_1ac64.dir/CheckFunctionExists.c.o   -c /usr/local/share/cmake-3.15/Modules/CheckFunctionExists.c
Linking C executable cmTC_1ac64
/usr/local/bin/cmake -E cmake_link_script CMakeFiles/cmTC_1ac64.dir/link.txt --verbose=1
/usr/bin/cc  -DCHECK_FUNCTION_EXISTS=pthread_create    -rdynamic CMakeFiles/cmTC_1ac64.dir/CheckFunctionExists.c.o  -o cmTC_1ac64 -lpthreads 
/usr/bin/ld: cannot find -lpthreads
collect2: error: ld returned 1 exit status
CMakeFiles/cmTC_1ac64.dir/build.make:86: recipe for target 'cmTC_1ac64' failed
make[1]: *** [cmTC_1ac64] Error 1
make[1]: Leaving directory '/catkin_ws_d435i/build/CMakeFiles/CMakeTmp'
Makefile:121: recipe for target 'cmTC_1ac64/fast' failed
make: *** [cmTC_1ac64/fast] Error 2



